<?xml version="1.0" encoding="UTF-8"?>
<testng-results skipped="0" failed="8" ignored="0" total="8" passed="0">
  <reporter-output>
  </reporter-output>
  <suite name="Default suite" duration-ms="856750" started-at="2020-09-28T17:36:28 IST" finished-at="2020-09-28T17:50:45 IST">
    <groups>
    </groups>
    <test name="Default test" duration-ms="856750" started-at="2020-09-28T17:36:28 IST" finished-at="2020-09-28T17:50:45 IST">
      <class name="testsuite.Scripts.hospitalCash">
        <test-method status="PASS" signature="setupSuite(org.testng.ITestContext)[pri:0, instance:testsuite.Scripts.hospitalCash@df27fae]" name="setupSuite" is-config="true" duration-ms="32557" started-at="2020-09-28T17:35:55 IST" finished-at="2020-09-28T17:36:28 IST">
          <params>
            <param index="0">
              <value>
                <![CDATA[org.testng.TestRunner@2bcec6a6]]>
              </value>
            </param>
          </params>
          <reporter-output>
          </reporter-output>
        </test-method> <!-- setupSuite -->
        <test-method status="PASS" signature="setBrowerDriver(java.lang.reflect.Method)[pri:0, instance:testsuite.Scripts.hospitalCash@df27fae]" name="setBrowerDriver" is-config="true" duration-ms="22" started-at="2020-09-28T17:36:31 IST" finished-at="2020-09-28T17:36:31 IST">
          <params>
            <param index="0">
              <value>
                <![CDATA[public void testsuite.Scripts.hospitalCash.productHospitalCash(java.util.Hashtable) throws java.lang.Throwable]]>
              </value>
            </param>
          </params>
          <reporter-output>
          </reporter-output>
        </test-method> <!-- setBrowerDriver -->
        <test-method status="FAIL" signature="productHospitalCash(java.util.Hashtable)[pri:0, instance:testsuite.Scripts.hospitalCash@df27fae]" name="productHospitalCash" duration-ms="694185" started-at="2020-09-28T17:36:31 IST" data-provider="getTestData" finished-at="2020-09-28T17:48:05 IST">
          <params>
            <param index="0">
              <value>
                <![CDATA[{selectwhomtoinsure=Myself, productname=Hospital Cash, Selecttheproduct=Hospital Cash, Periodofpolicy=1 year, userpass=Sangeetha$1, useremail=sangeethanulu@gmail.com, pin=500072, plantype=Enhanced, nomineename=ghyfsdf, nomineeage=38, CoverageAmount=3,000, weight=62, coveragedays=90, height=169, addresstwo=hyderabad, aadhar=1254, income=600000, Age=45, perofclaim=100, GSTidnumber=22AAAAA0000A1Z5, addressone=kphb}]]>
              </value>
            </param>
          </params>
          <exception class="java.lang.AssertionError">
            <message>
              <![CDATA[Step Click Failed with description Unable to click on clicking on file upload expected [true] but found [false]]]>
            </message>
            <full-stacktrace>
              <![CDATA[java.lang.AssertionError: Step Click Failed with description Unable to click on clicking on file upload expected [true] but found [false]
at org.testng.Assert.fail(Assert.java:97)
at org.testng.Assert.failNotEquals(Assert.java:969)
at org.testng.Assert.assertTrue(Assert.java:43)
at support.HtmlReportSupport.onFailure(HtmlReportSupport.java:779)
at support.Reporter.failureReport(Reporter.java:91)
at accelerators.ActionEngine.click(ActionEngine.java:78)
at testsuite.HelperClass.submitProposal_Fileupload(HelperClass.java:1395)
at testsuite.Scripts.hospitalCash.productHospitalCash(hospitalCash.java:61)
at sun.reflect.NativeMethodAccessorImpl.invoke0(Native Method)
at sun.reflect.NativeMethodAccessorImpl.invoke(Unknown Source)
at sun.reflect.DelegatingMethodAccessorImpl.invoke(Unknown Source)
at java.lang.reflect.Method.invoke(Unknown Source)
at org.testng.internal.MethodInvocationHelper.invokeMethod(MethodInvocationHelper.java:134)
at org.testng.internal.TestInvoker.invokeMethod(TestInvoker.java:597)
at org.testng.internal.TestInvoker.invokeTestMethod(TestInvoker.java:173)
at org.testng.internal.MethodRunner.runInSequence(MethodRunner.java:46)
at org.testng.internal.TestInvoker$MethodInvocationAgent.invoke(TestInvoker.java:816)
at org.testng.internal.TestInvoker.invokeTestMethods(TestInvoker.java:146)
at org.testng.internal.TestMethodWorker.invokeTestMethods(TestMethodWorker.java:146)
at org.testng.internal.TestMethodWorker.run(TestMethodWorker.java:128)
at java.util.ArrayList.forEach(Unknown Source)
at org.testng.TestRunner.privateRun(TestRunner.java:766)
at org.testng.TestRunner.run(TestRunner.java:587)
at org.testng.SuiteRunner.runTest(SuiteRunner.java:384)
at org.testng.SuiteRunner.runSequentially(SuiteRunner.java:378)
at org.testng.SuiteRunner.privateRun(SuiteRunner.java:337)
at org.testng.SuiteRunner.run(SuiteRunner.java:286)
at org.testng.SuiteRunnerWorker.runSuite(SuiteRunnerWorker.java:53)
at org.testng.SuiteRunnerWorker.run(SuiteRunnerWorker.java:96)
at org.testng.TestNG.runSuitesSequentially(TestNG.java:1187)
at org.testng.TestNG.runSuitesLocally(TestNG.java:1109)
at org.testng.TestNG.runSuites(TestNG.java:1039)
at org.testng.TestNG.run(TestNG.java:1007)
at org.testng.remote.AbstractRemoteTestNG.run(AbstractRemoteTestNG.java:115)
at org.testng.remote.RemoteTestNG.initAndRun(RemoteTestNG.java:251)
at org.testng.remote.RemoteTestNG.main(RemoteTestNG.java:77)
]]>
            </full-stacktrace>
          </exception> <!-- java.lang.AssertionError -->
          <reporter-output>
          </reporter-output>
        </test-method> <!-- productHospitalCash -->
        <test-method status="PASS" signature="tearDownMethod()[pri:0, instance:testsuite.Scripts.hospitalCash@df27fae]" name="tearDownMethod" is-config="true" duration-ms="2" started-at="2020-09-28T17:48:05 IST" finished-at="2020-09-28T17:48:05 IST">
          <reporter-output>
          </reporter-output>
        </test-method> <!-- tearDownMethod -->
        <test-method status="PASS" signature="setBrowerDriver(java.lang.reflect.Method)[pri:0, instance:testsuite.Scripts.hospitalCash@df27fae]" name="setBrowerDriver" is-config="true" duration-ms="5" started-at="2020-09-28T17:48:05 IST" finished-at="2020-09-28T17:48:05 IST">
          <params>
            <param index="0">
              <value>
                <![CDATA[public void testsuite.Scripts.hospitalCash.productHospitalCash(java.util.Hashtable) throws java.lang.Throwable]]>
              </value>
            </param>
          </params>
          <reporter-output>
          </reporter-output>
        </test-method> <!-- setBrowerDriver -->
        <test-method status="FAIL" signature="productHospitalCash(java.util.Hashtable)[pri:0, instance:testsuite.Scripts.hospitalCash@df27fae]" name="productHospitalCash" duration-ms="21165" started-at="2020-09-28T17:48:05 IST" data-provider="getTestData" finished-at="2020-09-28T17:48:27 IST">
          <params>
            <param index="0">
              <value>
                <![CDATA[{selectwhomtoinsure=, productname=, Selecttheproduct=, Periodofpolicy=, userpass=, useremail=, pin=, plantype=, nomineename=, nomineeage=, CoverageAmount=, weight=, coveragedays=, height=, addresstwo=, aadhar=, income=, Age=, perofclaim=, GSTidnumber=, addressone=}]]>
              </value>
            </param>
          </params>
          <exception class="java.lang.AssertionError">
            <message>
              <![CDATA[Step Click Failed with description Unable to click on skip expected [true] but found [false]]]>
            </message>
            <full-stacktrace>
              <![CDATA[java.lang.AssertionError: Step Click Failed with description Unable to click on skip expected [true] but found [false]
at org.testng.Assert.fail(Assert.java:97)
at org.testng.Assert.failNotEquals(Assert.java:969)
at org.testng.Assert.assertTrue(Assert.java:43)
at support.HtmlReportSupport.onFailure(HtmlReportSupport.java:779)
at support.Reporter.failureReport(Reporter.java:91)
at accelerators.ActionEngine.click(ActionEngine.java:78)
at testsuite.HelperClass.Startingpage(HelperClass.java:33)
at testsuite.Scripts.hospitalCash.productHospitalCash(hospitalCash.java:29)
at sun.reflect.NativeMethodAccessorImpl.invoke0(Native Method)
at sun.reflect.NativeMethodAccessorImpl.invoke(Unknown Source)
at sun.reflect.DelegatingMethodAccessorImpl.invoke(Unknown Source)
at java.lang.reflect.Method.invoke(Unknown Source)
at org.testng.internal.MethodInvocationHelper.invokeMethod(MethodInvocationHelper.java:134)
at org.testng.internal.TestInvoker.invokeMethod(TestInvoker.java:597)
at org.testng.internal.TestInvoker.invokeTestMethod(TestInvoker.java:173)
at org.testng.internal.MethodRunner.runInSequence(MethodRunner.java:46)
at org.testng.internal.TestInvoker$MethodInvocationAgent.invoke(TestInvoker.java:816)
at org.testng.internal.TestInvoker.invokeTestMethods(TestInvoker.java:146)
at org.testng.internal.TestMethodWorker.invokeTestMethods(TestMethodWorker.java:146)
at org.testng.internal.TestMethodWorker.run(TestMethodWorker.java:128)
at java.util.ArrayList.forEach(Unknown Source)
at org.testng.TestRunner.privateRun(TestRunner.java:766)
at org.testng.TestRunner.run(TestRunner.java:587)
at org.testng.SuiteRunner.runTest(SuiteRunner.java:384)
at org.testng.SuiteRunner.runSequentially(SuiteRunner.java:378)
at org.testng.SuiteRunner.privateRun(SuiteRunner.java:337)
at org.testng.SuiteRunner.run(SuiteRunner.java:286)
at org.testng.SuiteRunnerWorker.runSuite(SuiteRunnerWorker.java:53)
at org.testng.SuiteRunnerWorker.run(SuiteRunnerWorker.java:96)
at org.testng.TestNG.runSuitesSequentially(TestNG.java:1187)
at org.testng.TestNG.runSuitesLocally(TestNG.java:1109)
at org.testng.TestNG.runSuites(TestNG.java:1039)
at org.testng.TestNG.run(TestNG.java:1007)
at org.testng.remote.AbstractRemoteTestNG.run(AbstractRemoteTestNG.java:115)
at org.testng.remote.RemoteTestNG.initAndRun(RemoteTestNG.java:251)
at org.testng.remote.RemoteTestNG.main(RemoteTestNG.java:77)
]]>
            </full-stacktrace>
          </exception> <!-- java.lang.AssertionError -->
          <reporter-output>
          </reporter-output>
        </test-method> <!-- productHospitalCash -->
        <test-method status="PASS" signature="tearDownMethod()[pri:0, instance:testsuite.Scripts.hospitalCash@df27fae]" name="tearDownMethod" is-config="true" duration-ms="1" started-at="2020-09-28T17:48:27 IST" finished-at="2020-09-28T17:48:27 IST">
          <reporter-output>
          </reporter-output>
        </test-method> <!-- tearDownMethod -->
        <test-method status="PASS" signature="setBrowerDriver(java.lang.reflect.Method)[pri:0, instance:testsuite.Scripts.hospitalCash@df27fae]" name="setBrowerDriver" is-config="true" duration-ms="25" started-at="2020-09-28T17:48:27 IST" finished-at="2020-09-28T17:48:27 IST">
          <params>
            <param index="0">
              <value>
                <![CDATA[public void testsuite.Scripts.hospitalCash.productHospitalCash(java.util.Hashtable) throws java.lang.Throwable]]>
              </value>
            </param>
          </params>
          <reporter-output>
          </reporter-output>
        </test-method> <!-- setBrowerDriver -->
        <test-method status="FAIL" signature="productHospitalCash(java.util.Hashtable)[pri:0, instance:testsuite.Scripts.hospitalCash@df27fae]" name="productHospitalCash" duration-ms="22564" started-at="2020-09-28T17:48:27 IST" data-provider="getTestData" finished-at="2020-09-28T17:48:49 IST">
          <params>
            <param index="0">
              <value>
                <![CDATA[{selectwhomtoinsure=, productname=, Selecttheproduct=, Periodofpolicy=, userpass=, useremail=, pin=, plantype=, nomineename=, nomineeage=, CoverageAmount=, weight=, coveragedays=, height=, addresstwo=, aadhar=, income=, Age=, perofclaim=, GSTidnumber=, addressone=}]]>
              </value>
            </param>
          </params>
          <exception class="java.lang.AssertionError">
            <message>
              <![CDATA[Step Click Failed with description Unable to click on skip expected [true] but found [false]]]>
            </message>
            <full-stacktrace>
              <![CDATA[java.lang.AssertionError: Step Click Failed with description Unable to click on skip expected [true] but found [false]
at org.testng.Assert.fail(Assert.java:97)
at org.testng.Assert.failNotEquals(Assert.java:969)
at org.testng.Assert.assertTrue(Assert.java:43)
at support.HtmlReportSupport.onFailure(HtmlReportSupport.java:779)
at support.Reporter.failureReport(Reporter.java:91)
at accelerators.ActionEngine.click(ActionEngine.java:78)
at testsuite.HelperClass.Startingpage(HelperClass.java:33)
at testsuite.Scripts.hospitalCash.productHospitalCash(hospitalCash.java:29)
at sun.reflect.NativeMethodAccessorImpl.invoke0(Native Method)
at sun.reflect.NativeMethodAccessorImpl.invoke(Unknown Source)
at sun.reflect.DelegatingMethodAccessorImpl.invoke(Unknown Source)
at java.lang.reflect.Method.invoke(Unknown Source)
at org.testng.internal.MethodInvocationHelper.invokeMethod(MethodInvocationHelper.java:134)
at org.testng.internal.TestInvoker.invokeMethod(TestInvoker.java:597)
at org.testng.internal.TestInvoker.invokeTestMethod(TestInvoker.java:173)
at org.testng.internal.MethodRunner.runInSequence(MethodRunner.java:46)
at org.testng.internal.TestInvoker$MethodInvocationAgent.invoke(TestInvoker.java:816)
at org.testng.internal.TestInvoker.invokeTestMethods(TestInvoker.java:146)
at org.testng.internal.TestMethodWorker.invokeTestMethods(TestMethodWorker.java:146)
at org.testng.internal.TestMethodWorker.run(TestMethodWorker.java:128)
at java.util.ArrayList.forEach(Unknown Source)
at org.testng.TestRunner.privateRun(TestRunner.java:766)
at org.testng.TestRunner.run(TestRunner.java:587)
at org.testng.SuiteRunner.runTest(SuiteRunner.java:384)
at org.testng.SuiteRunner.runSequentially(SuiteRunner.java:378)
at org.testng.SuiteRunner.privateRun(SuiteRunner.java:337)
at org.testng.SuiteRunner.run(SuiteRunner.java:286)
at org.testng.SuiteRunnerWorker.runSuite(SuiteRunnerWorker.java:53)
at org.testng.SuiteRunnerWorker.run(SuiteRunnerWorker.java:96)
at org.testng.TestNG.runSuitesSequentially(TestNG.java:1187)
at org.testng.TestNG.runSuitesLocally(TestNG.java:1109)
at org.testng.TestNG.runSuites(TestNG.java:1039)
at org.testng.TestNG.run(TestNG.java:1007)
at org.testng.remote.AbstractRemoteTestNG.run(AbstractRemoteTestNG.java:115)
at org.testng.remote.RemoteTestNG.initAndRun(RemoteTestNG.java:251)
at org.testng.remote.RemoteTestNG.main(RemoteTestNG.java:77)
]]>
            </full-stacktrace>
          </exception> <!-- java.lang.AssertionError -->
          <reporter-output>
          </reporter-output>
        </test-method> <!-- productHospitalCash -->
        <test-method status="PASS" signature="tearDownMethod()[pri:0, instance:testsuite.Scripts.hospitalCash@df27fae]" name="tearDownMethod" is-config="true" duration-ms="3" started-at="2020-09-28T17:48:49 IST" finished-at="2020-09-28T17:48:49 IST">
          <reporter-output>
          </reporter-output>
        </test-method> <!-- tearDownMethod -->
        <test-method status="PASS" signature="setBrowerDriver(java.lang.reflect.Method)[pri:0, instance:testsuite.Scripts.hospitalCash@df27fae]" name="setBrowerDriver" is-config="true" duration-ms="4" started-at="2020-09-28T17:48:49 IST" finished-at="2020-09-28T17:48:49 IST">
          <params>
            <param index="0">
              <value>
                <![CDATA[public void testsuite.Scripts.hospitalCash.productHospitalCash(java.util.Hashtable) throws java.lang.Throwable]]>
              </value>
            </param>
          </params>
          <reporter-output>
          </reporter-output>
        </test-method> <!-- setBrowerDriver -->
        <test-method status="FAIL" signature="productHospitalCash(java.util.Hashtable)[pri:0, instance:testsuite.Scripts.hospitalCash@df27fae]" name="productHospitalCash" duration-ms="22583" started-at="2020-09-28T17:48:49 IST" data-provider="getTestData" finished-at="2020-09-28T17:49:12 IST">
          <params>
            <param index="0">
              <value>
                <![CDATA[{selectwhomtoinsure=, productname=, Selecttheproduct=, Periodofpolicy=, userpass=, useremail=, pin=, plantype=, nomineename=, nomineeage=, CoverageAmount=, weight=, coveragedays=, height=, addresstwo=, aadhar=, income=, Age=, perofclaim=, GSTidnumber=, addressone=}]]>
              </value>
            </param>
          </params>
          <exception class="java.lang.AssertionError">
            <message>
              <![CDATA[Step Click Failed with description Unable to click on skip expected [true] but found [false]]]>
            </message>
            <full-stacktrace>
              <![CDATA[java.lang.AssertionError: Step Click Failed with description Unable to click on skip expected [true] but found [false]
at org.testng.Assert.fail(Assert.java:97)
at org.testng.Assert.failNotEquals(Assert.java:969)
at org.testng.Assert.assertTrue(Assert.java:43)
at support.HtmlReportSupport.onFailure(HtmlReportSupport.java:779)
at support.Reporter.failureReport(Reporter.java:91)
at accelerators.ActionEngine.click(ActionEngine.java:78)
at testsuite.HelperClass.Startingpage(HelperClass.java:33)
at testsuite.Scripts.hospitalCash.productHospitalCash(hospitalCash.java:29)
at sun.reflect.NativeMethodAccessorImpl.invoke0(Native Method)
at sun.reflect.NativeMethodAccessorImpl.invoke(Unknown Source)
at sun.reflect.DelegatingMethodAccessorImpl.invoke(Unknown Source)
at java.lang.reflect.Method.invoke(Unknown Source)
at org.testng.internal.MethodInvocationHelper.invokeMethod(MethodInvocationHelper.java:134)
at org.testng.internal.TestInvoker.invokeMethod(TestInvoker.java:597)
at org.testng.internal.TestInvoker.invokeTestMethod(TestInvoker.java:173)
at org.testng.internal.MethodRunner.runInSequence(MethodRunner.java:46)
at org.testng.internal.TestInvoker$MethodInvocationAgent.invoke(TestInvoker.java:816)
at org.testng.internal.TestInvoker.invokeTestMethods(TestInvoker.java:146)
at org.testng.internal.TestMethodWorker.invokeTestMethods(TestMethodWorker.java:146)
at org.testng.internal.TestMethodWorker.run(TestMethodWorker.java:128)
at java.util.ArrayList.forEach(Unknown Source)
at org.testng.TestRunner.privateRun(TestRunner.java:766)
at org.testng.TestRunner.run(TestRunner.java:587)
at org.testng.SuiteRunner.runTest(SuiteRunner.java:384)
at org.testng.SuiteRunner.runSequentially(SuiteRunner.java:378)
at org.testng.SuiteRunner.privateRun(SuiteRunner.java:337)
at org.testng.SuiteRunner.run(SuiteRunner.java:286)
at org.testng.SuiteRunnerWorker.runSuite(SuiteRunnerWorker.java:53)
at org.testng.SuiteRunnerWorker.run(SuiteRunnerWorker.java:96)
at org.testng.TestNG.runSuitesSequentially(TestNG.java:1187)
at org.testng.TestNG.runSuitesLocally(TestNG.java:1109)
at org.testng.TestNG.runSuites(TestNG.java:1039)
at org.testng.TestNG.run(TestNG.java:1007)
at org.testng.remote.AbstractRemoteTestNG.run(AbstractRemoteTestNG.java:115)
at org.testng.remote.RemoteTestNG.initAndRun(RemoteTestNG.java:251)
at org.testng.remote.RemoteTestNG.main(RemoteTestNG.java:77)
]]>
            </full-stacktrace>
          </exception> <!-- java.lang.AssertionError -->
          <reporter-output>
          </reporter-output>
        </test-method> <!-- productHospitalCash -->
        <test-method status="PASS" signature="tearDownMethod()[pri:0, instance:testsuite.Scripts.hospitalCash@df27fae]" name="tearDownMethod" is-config="true" duration-ms="2" started-at="2020-09-28T17:49:12 IST" finished-at="2020-09-28T17:49:12 IST">
          <reporter-output>
          </reporter-output>
        </test-method> <!-- tearDownMethod -->
        <test-method status="PASS" signature="setBrowerDriver(java.lang.reflect.Method)[pri:0, instance:testsuite.Scripts.hospitalCash@df27fae]" name="setBrowerDriver" is-config="true" duration-ms="18" started-at="2020-09-28T17:49:12 IST" finished-at="2020-09-28T17:49:12 IST">
          <params>
            <param index="0">
              <value>
                <![CDATA[public void testsuite.Scripts.hospitalCash.productHospitalCash(java.util.Hashtable) throws java.lang.Throwable]]>
              </value>
            </param>
          </params>
          <reporter-output>
          </reporter-output>
        </test-method> <!-- setBrowerDriver -->
        <test-method status="FAIL" signature="productHospitalCash(java.util.Hashtable)[pri:0, instance:testsuite.Scripts.hospitalCash@df27fae]" name="productHospitalCash" duration-ms="22523" started-at="2020-09-28T17:49:12 IST" data-provider="getTestData" finished-at="2020-09-28T17:49:34 IST">
          <params>
            <param index="0">
              <value>
                <![CDATA[{selectwhomtoinsure=, productname=, Selecttheproduct=, Periodofpolicy=, userpass=, useremail=, pin=, plantype=, nomineename=, nomineeage=, CoverageAmount=, weight=, coveragedays=, height=, addresstwo=, aadhar=, income=, Age=, perofclaim=, GSTidnumber=, addressone=}]]>
              </value>
            </param>
          </params>
          <exception class="java.lang.AssertionError">
            <message>
              <![CDATA[Step Click Failed with description Unable to click on skip expected [true] but found [false]]]>
            </message>
            <full-stacktrace>
              <![CDATA[java.lang.AssertionError: Step Click Failed with description Unable to click on skip expected [true] but found [false]
at org.testng.Assert.fail(Assert.java:97)
at org.testng.Assert.failNotEquals(Assert.java:969)
at org.testng.Assert.assertTrue(Assert.java:43)
at support.HtmlReportSupport.onFailure(HtmlReportSupport.java:779)
at support.Reporter.failureReport(Reporter.java:91)
at accelerators.ActionEngine.click(ActionEngine.java:78)
at testsuite.HelperClass.Startingpage(HelperClass.java:33)
at testsuite.Scripts.hospitalCash.productHospitalCash(hospitalCash.java:29)
at sun.reflect.NativeMethodAccessorImpl.invoke0(Native Method)
at sun.reflect.NativeMethodAccessorImpl.invoke(Unknown Source)
at sun.reflect.DelegatingMethodAccessorImpl.invoke(Unknown Source)
at java.lang.reflect.Method.invoke(Unknown Source)
at org.testng.internal.MethodInvocationHelper.invokeMethod(MethodInvocationHelper.java:134)
at org.testng.internal.TestInvoker.invokeMethod(TestInvoker.java:597)
at org.testng.internal.TestInvoker.invokeTestMethod(TestInvoker.java:173)
at org.testng.internal.MethodRunner.runInSequence(MethodRunner.java:46)
at org.testng.internal.TestInvoker$MethodInvocationAgent.invoke(TestInvoker.java:816)
at org.testng.internal.TestInvoker.invokeTestMethods(TestInvoker.java:146)
at org.testng.internal.TestMethodWorker.invokeTestMethods(TestMethodWorker.java:146)
at org.testng.internal.TestMethodWorker.run(TestMethodWorker.java:128)
at java.util.ArrayList.forEach(Unknown Source)
at org.testng.TestRunner.privateRun(TestRunner.java:766)
at org.testng.TestRunner.run(TestRunner.java:587)
at org.testng.SuiteRunner.runTest(SuiteRunner.java:384)
at org.testng.SuiteRunner.runSequentially(SuiteRunner.java:378)
at org.testng.SuiteRunner.privateRun(SuiteRunner.java:337)
at org.testng.SuiteRunner.run(SuiteRunner.java:286)
at org.testng.SuiteRunnerWorker.runSuite(SuiteRunnerWorker.java:53)
at org.testng.SuiteRunnerWorker.run(SuiteRunnerWorker.java:96)
at org.testng.TestNG.runSuitesSequentially(TestNG.java:1187)
at org.testng.TestNG.runSuitesLocally(TestNG.java:1109)
at org.testng.TestNG.runSuites(TestNG.java:1039)
at org.testng.TestNG.run(TestNG.java:1007)
at org.testng.remote.AbstractRemoteTestNG.run(AbstractRemoteTestNG.java:115)
at org.testng.remote.RemoteTestNG.initAndRun(RemoteTestNG.java:251)
at org.testng.remote.RemoteTestNG.main(RemoteTestNG.java:77)
]]>
            </full-stacktrace>
          </exception> <!-- java.lang.AssertionError -->
          <reporter-output>
          </reporter-output>
        </test-method> <!-- productHospitalCash -->
        <test-method status="PASS" signature="tearDownMethod()[pri:0, instance:testsuite.Scripts.hospitalCash@df27fae]" name="tearDownMethod" is-config="true" duration-ms="2" started-at="2020-09-28T17:49:34 IST" finished-at="2020-09-28T17:49:34 IST">
          <reporter-output>
          </reporter-output>
        </test-method> <!-- tearDownMethod -->
        <test-method status="PASS" signature="setBrowerDriver(java.lang.reflect.Method)[pri:0, instance:testsuite.Scripts.hospitalCash@df27fae]" name="setBrowerDriver" is-config="true" duration-ms="2" started-at="2020-09-28T17:49:34 IST" finished-at="2020-09-28T17:49:34 IST">
          <params>
            <param index="0">
              <value>
                <![CDATA[public void testsuite.Scripts.hospitalCash.productHospitalCash(java.util.Hashtable) throws java.lang.Throwable]]>
              </value>
            </param>
          </params>
          <reporter-output>
          </reporter-output>
        </test-method> <!-- setBrowerDriver -->
        <test-method status="FAIL" signature="productHospitalCash(java.util.Hashtable)[pri:0, instance:testsuite.Scripts.hospitalCash@df27fae]" name="productHospitalCash" duration-ms="23291" started-at="2020-09-28T17:49:34 IST" data-provider="getTestData" finished-at="2020-09-28T17:49:58 IST">
          <params>
            <param index="0">
              <value>
                <![CDATA[{selectwhomtoinsure=, productname=, Selecttheproduct=, Periodofpolicy=, userpass=, useremail=, pin=, plantype=, nomineename=, nomineeage=, CoverageAmount=, weight=, coveragedays=, height=, addresstwo=, aadhar=, income=, Age=, perofclaim=, GSTidnumber=, addressone=}]]>
              </value>
            </param>
          </params>
          <exception class="java.lang.AssertionError">
            <message>
              <![CDATA[Step Click Failed with description Unable to click on skip expected [true] but found [false]]]>
            </message>
            <full-stacktrace>
              <![CDATA[java.lang.AssertionError: Step Click Failed with description Unable to click on skip expected [true] but found [false]
at org.testng.Assert.fail(Assert.java:97)
at org.testng.Assert.failNotEquals(Assert.java:969)
at org.testng.Assert.assertTrue(Assert.java:43)
at support.HtmlReportSupport.onFailure(HtmlReportSupport.java:779)
at support.Reporter.failureReport(Reporter.java:91)
at accelerators.ActionEngine.click(ActionEngine.java:78)
at testsuite.HelperClass.Startingpage(HelperClass.java:33)
at testsuite.Scripts.hospitalCash.productHospitalCash(hospitalCash.java:29)
at sun.reflect.NativeMethodAccessorImpl.invoke0(Native Method)
at sun.reflect.NativeMethodAccessorImpl.invoke(Unknown Source)
at sun.reflect.DelegatingMethodAccessorImpl.invoke(Unknown Source)
at java.lang.reflect.Method.invoke(Unknown Source)
at org.testng.internal.MethodInvocationHelper.invokeMethod(MethodInvocationHelper.java:134)
at org.testng.internal.TestInvoker.invokeMethod(TestInvoker.java:597)
at org.testng.internal.TestInvoker.invokeTestMethod(TestInvoker.java:173)
at org.testng.internal.MethodRunner.runInSequence(MethodRunner.java:46)
at org.testng.internal.TestInvoker$MethodInvocationAgent.invoke(TestInvoker.java:816)
at org.testng.internal.TestInvoker.invokeTestMethods(TestInvoker.java:146)
at org.testng.internal.TestMethodWorker.invokeTestMethods(TestMethodWorker.java:146)
at org.testng.internal.TestMethodWorker.run(TestMethodWorker.java:128)
at java.util.ArrayList.forEach(Unknown Source)
at org.testng.TestRunner.privateRun(TestRunner.java:766)
at org.testng.TestRunner.run(TestRunner.java:587)
at org.testng.SuiteRunner.runTest(SuiteRunner.java:384)
at org.testng.SuiteRunner.runSequentially(SuiteRunner.java:378)
at org.testng.SuiteRunner.privateRun(SuiteRunner.java:337)
at org.testng.SuiteRunner.run(SuiteRunner.java:286)
at org.testng.SuiteRunnerWorker.runSuite(SuiteRunnerWorker.java:53)
at org.testng.SuiteRunnerWorker.run(SuiteRunnerWorker.java:96)
at org.testng.TestNG.runSuitesSequentially(TestNG.java:1187)
at org.testng.TestNG.runSuitesLocally(TestNG.java:1109)
at org.testng.TestNG.runSuites(TestNG.java:1039)
at org.testng.TestNG.run(TestNG.java:1007)
at org.testng.remote.AbstractRemoteTestNG.run(AbstractRemoteTestNG.java:115)
at org.testng.remote.RemoteTestNG.initAndRun(RemoteTestNG.java:251)
at org.testng.remote.RemoteTestNG.main(RemoteTestNG.java:77)
]]>
            </full-stacktrace>
          </exception> <!-- java.lang.AssertionError -->
          <reporter-output>
          </reporter-output>
        </test-method> <!-- productHospitalCash -->
        <test-method status="PASS" signature="tearDownMethod()[pri:0, instance:testsuite.Scripts.hospitalCash@df27fae]" name="tearDownMethod" is-config="true" duration-ms="3" started-at="2020-09-28T17:49:58 IST" finished-at="2020-09-28T17:49:58 IST">
          <reporter-output>
          </reporter-output>
        </test-method> <!-- tearDownMethod -->
        <test-method status="PASS" signature="setBrowerDriver(java.lang.reflect.Method)[pri:0, instance:testsuite.Scripts.hospitalCash@df27fae]" name="setBrowerDriver" is-config="true" duration-ms="3" started-at="2020-09-28T17:49:58 IST" finished-at="2020-09-28T17:49:58 IST">
          <params>
            <param index="0">
              <value>
                <![CDATA[public void testsuite.Scripts.hospitalCash.productHospitalCash(java.util.Hashtable) throws java.lang.Throwable]]>
              </value>
            </param>
          </params>
          <reporter-output>
          </reporter-output>
        </test-method> <!-- setBrowerDriver -->
        <test-method status="FAIL" signature="productHospitalCash(java.util.Hashtable)[pri:0, instance:testsuite.Scripts.hospitalCash@df27fae]" name="productHospitalCash" duration-ms="23991" started-at="2020-09-28T17:49:58 IST" data-provider="getTestData" finished-at="2020-09-28T17:50:22 IST">
          <params>
            <param index="0">
              <value>
                <![CDATA[{selectwhomtoinsure=, productname=, Selecttheproduct=, Periodofpolicy=, userpass=, useremail=, pin=, plantype=, nomineename=, nomineeage=, CoverageAmount=, weight=, coveragedays=, height=, addresstwo=, aadhar=, income=, Age=, perofclaim=, GSTidnumber=, addressone=}]]>
              </value>
            </param>
          </params>
          <exception class="java.lang.AssertionError">
            <message>
              <![CDATA[Step Click Failed with description Unable to click on skip expected [true] but found [false]]]>
            </message>
            <full-stacktrace>
              <![CDATA[java.lang.AssertionError: Step Click Failed with description Unable to click on skip expected [true] but found [false]
at org.testng.Assert.fail(Assert.java:97)
at org.testng.Assert.failNotEquals(Assert.java:969)
at org.testng.Assert.assertTrue(Assert.java:43)
at support.HtmlReportSupport.onFailure(HtmlReportSupport.java:779)
at support.Reporter.failureReport(Reporter.java:91)
at accelerators.ActionEngine.click(ActionEngine.java:78)
at testsuite.HelperClass.Startingpage(HelperClass.java:33)
at testsuite.Scripts.hospitalCash.productHospitalCash(hospitalCash.java:29)
at sun.reflect.NativeMethodAccessorImpl.invoke0(Native Method)
at sun.reflect.NativeMethodAccessorImpl.invoke(Unknown Source)
at sun.reflect.DelegatingMethodAccessorImpl.invoke(Unknown Source)
at java.lang.reflect.Method.invoke(Unknown Source)
at org.testng.internal.MethodInvocationHelper.invokeMethod(MethodInvocationHelper.java:134)
at org.testng.internal.TestInvoker.invokeMethod(TestInvoker.java:597)
at org.testng.internal.TestInvoker.invokeTestMethod(TestInvoker.java:173)
at org.testng.internal.MethodRunner.runInSequence(MethodRunner.java:46)
at org.testng.internal.TestInvoker$MethodInvocationAgent.invoke(TestInvoker.java:816)
at org.testng.internal.TestInvoker.invokeTestMethods(TestInvoker.java:146)
at org.testng.internal.TestMethodWorker.invokeTestMethods(TestMethodWorker.java:146)
at org.testng.internal.TestMethodWorker.run(TestMethodWorker.java:128)
at java.util.ArrayList.forEach(Unknown Source)
at org.testng.TestRunner.privateRun(TestRunner.java:766)
at org.testng.TestRunner.run(TestRunner.java:587)
at org.testng.SuiteRunner.runTest(SuiteRunner.java:384)
at org.testng.SuiteRunner.runSequentially(SuiteRunner.java:378)
at org.testng.SuiteRunner.privateRun(SuiteRunner.java:337)
at org.testng.SuiteRunner.run(SuiteRunner.java:286)
at org.testng.SuiteRunnerWorker.runSuite(SuiteRunnerWorker.java:53)
at org.testng.SuiteRunnerWorker.run(SuiteRunnerWorker.java:96)
at org.testng.TestNG.runSuitesSequentially(TestNG.java:1187)
at org.testng.TestNG.runSuitesLocally(TestNG.java:1109)
at org.testng.TestNG.runSuites(TestNG.java:1039)
at org.testng.TestNG.run(TestNG.java:1007)
at org.testng.remote.AbstractRemoteTestNG.run(AbstractRemoteTestNG.java:115)
at org.testng.remote.RemoteTestNG.initAndRun(RemoteTestNG.java:251)
at org.testng.remote.RemoteTestNG.main(RemoteTestNG.java:77)
]]>
            </full-stacktrace>
          </exception> <!-- java.lang.AssertionError -->
          <reporter-output>
          </reporter-output>
        </test-method> <!-- productHospitalCash -->
        <test-method status="PASS" signature="tearDownMethod()[pri:0, instance:testsuite.Scripts.hospitalCash@df27fae]" name="tearDownMethod" is-config="true" duration-ms="3" started-at="2020-09-28T17:50:22 IST" finished-at="2020-09-28T17:50:22 IST">
          <reporter-output>
          </reporter-output>
        </test-method> <!-- tearDownMethod -->
        <test-method status="PASS" signature="setBrowerDriver(java.lang.reflect.Method)[pri:0, instance:testsuite.Scripts.hospitalCash@df27fae]" name="setBrowerDriver" is-config="true" duration-ms="12" started-at="2020-09-28T17:50:22 IST" finished-at="2020-09-28T17:50:22 IST">
          <params>
            <param index="0">
              <value>
                <![CDATA[public void testsuite.Scripts.hospitalCash.productHospitalCash(java.util.Hashtable) throws java.lang.Throwable]]>
              </value>
            </param>
          </params>
          <reporter-output>
          </reporter-output>
        </test-method> <!-- setBrowerDriver -->
        <test-method status="FAIL" signature="productHospitalCash(java.util.Hashtable)[pri:0, instance:testsuite.Scripts.hospitalCash@df27fae]" name="productHospitalCash" duration-ms="22927" started-at="2020-09-28T17:50:22 IST" data-provider="getTestData" finished-at="2020-09-28T17:50:45 IST">
          <params>
            <param index="0">
              <value>
                <![CDATA[{selectwhomtoinsure=, productname=, Selecttheproduct=, Periodofpolicy=, userpass=, useremail=, pin=, plantype=, nomineename=, nomineeage=, CoverageAmount=, weight=, coveragedays=, height=, addresstwo=, aadhar=, income=, Age=, perofclaim=, GSTidnumber=, addressone=}]]>
              </value>
            </param>
          </params>
          <exception class="java.lang.AssertionError">
            <message>
              <![CDATA[Step Click Failed with description Unable to click on skip expected [true] but found [false]]]>
            </message>
            <full-stacktrace>
              <![CDATA[java.lang.AssertionError: Step Click Failed with description Unable to click on skip expected [true] but found [false]
at org.testng.Assert.fail(Assert.java:97)
at org.testng.Assert.failNotEquals(Assert.java:969)
at org.testng.Assert.assertTrue(Assert.java:43)
at support.HtmlReportSupport.onFailure(HtmlReportSupport.java:779)
at support.Reporter.failureReport(Reporter.java:91)
at accelerators.ActionEngine.click(ActionEngine.java:78)
at testsuite.HelperClass.Startingpage(HelperClass.java:33)
at testsuite.Scripts.hospitalCash.productHospitalCash(hospitalCash.java:29)
at sun.reflect.NativeMethodAccessorImpl.invoke0(Native Method)
at sun.reflect.NativeMethodAccessorImpl.invoke(Unknown Source)
at sun.reflect.DelegatingMethodAccessorImpl.invoke(Unknown Source)
at java.lang.reflect.Method.invoke(Unknown Source)
at org.testng.internal.MethodInvocationHelper.invokeMethod(MethodInvocationHelper.java:134)
at org.testng.internal.TestInvoker.invokeMethod(TestInvoker.java:597)
at org.testng.internal.TestInvoker.invokeTestMethod(TestInvoker.java:173)
at org.testng.internal.MethodRunner.runInSequence(MethodRunner.java:46)
at org.testng.internal.TestInvoker$MethodInvocationAgent.invoke(TestInvoker.java:816)
at org.testng.internal.TestInvoker.invokeTestMethods(TestInvoker.java:146)
at org.testng.internal.TestMethodWorker.invokeTestMethods(TestMethodWorker.java:146)
at org.testng.internal.TestMethodWorker.run(TestMethodWorker.java:128)
at java.util.ArrayList.forEach(Unknown Source)
at org.testng.TestRunner.privateRun(TestRunner.java:766)
at org.testng.TestRunner.run(TestRunner.java:587)
at org.testng.SuiteRunner.runTest(SuiteRunner.java:384)
at org.testng.SuiteRunner.runSequentially(SuiteRunner.java:378)
at org.testng.SuiteRunner.privateRun(SuiteRunner.java:337)
at org.testng.SuiteRunner.run(SuiteRunner.java:286)
at org.testng.SuiteRunnerWorker.runSuite(SuiteRunnerWorker.java:53)
at org.testng.SuiteRunnerWorker.run(SuiteRunnerWorker.java:96)
at org.testng.TestNG.runSuitesSequentially(TestNG.java:1187)
at org.testng.TestNG.runSuitesLocally(TestNG.java:1109)
at org.testng.TestNG.runSuites(TestNG.java:1039)
at org.testng.TestNG.run(TestNG.java:1007)
at org.testng.remote.AbstractRemoteTestNG.run(AbstractRemoteTestNG.java:115)
at org.testng.remote.RemoteTestNG.initAndRun(RemoteTestNG.java:251)
at org.testng.remote.RemoteTestNG.main(RemoteTestNG.java:77)
]]>
            </full-stacktrace>
          </exception> <!-- java.lang.AssertionError -->
          <reporter-output>
          </reporter-output>
        </test-method> <!-- productHospitalCash -->
        <test-method status="PASS" signature="tearDownMethod()[pri:0, instance:testsuite.Scripts.hospitalCash@df27fae]" name="tearDownMethod" is-config="true" duration-ms="4" started-at="2020-09-28T17:50:45 IST" finished-at="2020-09-28T17:50:45 IST">
          <reporter-output>
          </reporter-output>
        </test-method> <!-- tearDownMethod -->
        <test-method status="PASS" signature="tearDown(org.testng.ITestContext)[pri:0, instance:testsuite.Scripts.hospitalCash@df27fae]" name="tearDown" is-config="true" duration-ms="8" started-at="2020-09-28T17:50:45 IST" finished-at="2020-09-28T17:50:45 IST">
          <params>
            <param index="0">
              <value>
                <![CDATA[org.testng.TestRunner@2bcec6a6]]>
              </value>
            </param>
          </params>
          <reporter-output>
          </reporter-output>
        </test-method> <!-- tearDown -->
      </class> <!-- testsuite.Scripts.hospitalCash -->
    </test> <!-- Default test -->
  </suite> <!-- Default suite -->
</testng-results>
